Collecting lxml
  Downloading lxml-4.5.0-cp35-cp35m-manylinux1_x86_64.whl (5.7 MB)
Installing collected packages: lxml
Successfully installed lxml-4.5.0
mensaje-1958-mpu.txt
mensaje-1993-af.txt
mensaje-1972-jva.txt
mensaje-2003-at.txt
mensaje-2007-ag.txt
mensaje-1966-fbt.txt
mensaje-2018-4.txt
mensaje-1976-fmb.txt
mensaje-2014-oh.txt
mensaje-1991-af.txt
mensaje-1983-fbt.txt
mensaje-2008-ag.txt
mensaje-2001-at.txt
mensaje-1997-af.txt
mensaje-2012-oh.txt
mensaje-1977-fmb.txt
mensaje-1982-fbt.txt
mensaje-1988-ag.txt
mensaje-2019-01-vizcarra.txt
mensaje-1985-ag.txt
mensaje-1995-af.txt
mensaje-1998-af.txt
mensaje-1959-mpu.txt
mensaje-2005-at.txt
mensaje-1973-jva.txt
mensaje-1987-ag.txt
mensaje-1963-fbt.txt
mensaje-1967-fbt.txt
mensaje-1984-fbt.txt
mensaje-1980-fbt.txt
mensaje-2017-ppk.txt
mensaje-1979-fmb.txt
mensaje-1989-ag.txt
mensaje-2013-oh.txt
mensaje-1996-af.txt
mensaje-1962-nll.txt
mensaje-1961-mpu.txt
mensaje-1957-mpu.txt
mensaje-1986-ag.txt
mensaje-2004-at.txt
mensaje-1965-fbt.txt
mensaje-1999-af.txt
mensaje-1971-jva.txt
mensaje-1975-jva.txt
mensaje-2011-oh.txt
mensaje-1994-af.txt
mensaje-2002-at.txt
mensaje-1956-mpu.txt
mensaje-2006-ag.txt
mensaje-2010-ag.txt
mensaje-1968-fbt.txt
mensaje-1992-af.txt
mensaje-1964-fbt.txt
mensaje-1970-jva.txt
mensaje-1974-jva.txt
mensaje-1981-fbt.txt
mensaje-1978-fmb.txt
mensaje-2009-ag.txt
mensaje-1969-jva.txt
mensaje-2016-ppk.txt
mensaje-2000-af.txt
mensaje-1990-af.txt
mensaje-2015-oh.txt
mensaje-1960-mpu.txt
mensaje-1989-ag.txt
mensaje-1996-af.txt
mensaje-2000-af.txt
mensaje-1963-fbt.txt
mensaje-1998-af.txt
mensaje-2009-ag.txt
mensaje-2008-ag.txt
mensaje-1988-ag.txt
mensaje-1981-fbt.txt
mensaje-1986-ag.txt
mensaje-1975-jva.txt
mensaje-1991-af.txt
mensaje-1976-fmb.txt
mensaje-1982-fbt.txt
mensaje-2010-ag.txt
mensaje-1970-jva.txt
mensaje-1983-fbt.txt
mensaje-1960-mpu.txt
mensaje-1958-mpu.txt
mensaje-1985-ag.txt
mensaje-2019-01-vizcarra.txt
mensaje-1999-af.txt
mensaje-2004-at.txt
mensaje-1972-jva.txt
mensaje-2001-at.txt
mensaje-1994-af.txt
mensaje-2016-ppk.txt
mensaje-1979-fmb.txt
mensaje-2013-oh.txt
mensaje-1956-mpu.txt
mensaje-1971-jva.txt
mensaje-1977-fmb.txt
mensaje-1964-fbt.txt
mensaje-1966-fbt.txt
mensaje-1962-nll.txt
mensaje-1965-fbt.txt
mensaje-2005-at.txt
mensaje-1961-mpu.txt
mensaje-2011-oh.txt
mensaje-1969-jva.txt
mensaje-2006-ag.txt
mensaje-2007-ag.txt
mensaje-1967-fbt.txt
mensaje-1995-af.txt
mensaje-2018-4.txt
mensaje-2015-oh.txt
mensaje-1978-fmb.txt
mensaje-1973-jva.txt
mensaje-1990-af.txt
mensaje-2017-ppk.txt
mensaje-2014-oh.txt
mensaje-1968-fbt.txt
mensaje-2002-at.txt
mensaje-1974-jva.txt
mensaje-1992-af.txt
mensaje-1984-fbt.txt
mensaje-1959-mpu.txt
mensaje-1987-ag.txt
mensaje-1997-af.txt
mensaje-1957-mpu.txt
mensaje-1980-fbt.txt
mensaje-1993-af.txt
mensaje-2012-oh.txt
mensaje-2003-at.txt
